{"src/contracts/antei/aave/interestStrategy/AnteiInterestRateStrategy.sol":{"l":{"62":3,"63":3,"64":3,"65":3,"66":3,"67":3,"68":3,"69":3,"73":0,"77":0,"81":0,"85":0,"89":0,"93":0,"131":4},"path":"/Users/stevenvaleri/Desktop/projects/aave/antei-poc-v3/src/contracts/antei/aave/interestStrategy/AnteiInterestRateStrategy.sol","s":{"1":3,"2":3,"3":3,"4":3,"5":3,"6":3,"7":3,"8":3,"9":0,"10":0,"11":0,"12":0,"13":0,"14":0,"15":4},"b":{},"f":{"1":3,"2":0,"3":0,"4":0,"5":0,"6":0,"7":0,"8":4},"fnMap":{"1":{"name":"constructor","line":53,"loc":{"start":{"line":53,"column":2},"end":{"line":70,"column":2}}},"2":{"name":"variableRateSlope1","line":72,"loc":{"start":{"line":72,"column":2},"end":{"line":74,"column":2}}},"3":{"name":"variableRateSlope2","line":76,"loc":{"start":{"line":76,"column":2},"end":{"line":78,"column":2}}},"4":{"name":"stableRateSlope1","line":80,"loc":{"start":{"line":80,"column":2},"end":{"line":82,"column":2}}},"5":{"name":"stableRateSlope2","line":84,"loc":{"start":{"line":84,"column":2},"end":{"line":86,"column":2}}},"6":{"name":"baseVariableBorrowRate","line":88,"loc":{"start":{"line":88,"column":2},"end":{"line":90,"column":2}}},"7":{"name":"getMaxVariableBorrowRate","line":92,"loc":{"start":{"line":92,"column":2},"end":{"line":94,"column":2}}},"8":{"name":"calculateInterestRates","line":114,"loc":{"start":{"line":114,"column":2},"end":{"line":132,"column":2}}}},"statementMap":{"1":{"start":{"line":62,"column":4},"end":{"line":62,"column":52}},"2":{"start":{"line":63,"column":4},"end":{"line":63,"column":73}},"3":{"start":{"line":64,"column":4},"end":{"line":64,"column":31}},"4":{"start":{"line":65,"column":4},"end":{"line":65,"column":51}},"5":{"start":{"line":66,"column":4},"end":{"line":66,"column":43}},"6":{"start":{"line":67,"column":4},"end":{"line":67,"column":43}},"7":{"start":{"line":68,"column":4},"end":{"line":68,"column":39}},"8":{"start":{"line":69,"column":4},"end":{"line":69,"column":39}},"9":{"start":{"line":73,"column":4},"end":{"line":73,"column":30}},"10":{"start":{"line":77,"column":4},"end":{"line":77,"column":30}},"11":{"start":{"line":81,"column":4},"end":{"line":81,"column":28}},"12":{"start":{"line":85,"column":4},"end":{"line":85,"column":28}},"13":{"start":{"line":89,"column":4},"end":{"line":89,"column":34}},"14":{"start":{"line":93,"column":4},"end":{"line":93,"column":84}},"15":{"start":{"line":131,"column":4},"end":{"line":131,"column":48}}},"branchMap":{}},"src/contracts/antei/aave/oracle/AnteiOracle.sol":{"l":{"24":6,"25":6,"27":6,"28":6,"31":6,"33":0},"path":"/Users/stevenvaleri/Desktop/projects/aave/antei-poc-v3/src/contracts/antei/aave/oracle/AnteiOracle.sol","s":{"1":6,"2":6,"3":6,"4":6,"5":6,"6":0},"b":{"1":[6,0]},"f":{"1":6},"fnMap":{"1":{"name":"latestAnswer","line":23,"loc":{"start":{"line":23,"column":2},"end":{"line":35,"column":2}}}},"statementMap":{"1":{"start":{"line":24,"column":4},"end":{"line":24,"column":49}},"2":{"start":{"line":25,"column":4},"end":{"line":25,"column":1161}},"3":{"start":{"line":27,"column":6},"end":{"line":27,"column":59}},"4":{"start":{"line":28,"column":6},"end":{"line":28,"column":71}},"5":{"start":{"line":31,"column":6},"end":{"line":31,"column":27}},"6":{"start":{"line":33,"column":6},"end":{"line":33,"column":14}}},"branchMap":{"1":{"line":25,"type":"if","locations":[{"start":{"line":25,"column":4},"end":{"line":25,"column":4}},{"start":{"line":25,"column":4},"end":{"line":25,"column":4}}]}}},"src/contracts/antei/aave/tokens/AnteiAToken.sol":{"l":{"50":7,"51":5,"58":7,"59":7,"60":5,"72":6,"73":6,"74":6,"76":6,"80":1,"88":1,"91":1,"95":1,"105":1,"106":1,"107":1,"124":1,"140":1,"150":0,"151":0,"158":0,"160":0,"161":0,"178":0,"180":0,"194":0,"204":0,"219":0,"229":0,"231":0,"232":0,"235":0,"243":0,"259":3,"260":3,"283":0,"285":0,"286":0,"287":0,"295":0,"296":0,"297":0,"314":0,"316":0,"317":0,"319":0,"321":0,"322":0,"332":0,"337":3,"338":2,"339":2,"344":2,"349":2,"350":2,"351":2,"356":2,"370":0},"path":"/Users/stevenvaleri/Desktop/projects/aave/antei-poc-v3/src/contracts/antei/aave/tokens/AnteiAToken.sol","s":{"1":7,"2":7,"3":7,"4":6,"5":6,"6":6,"7":6,"8":1,"9":1,"10":1,"11":1,"12":1,"13":1,"14":1,"15":1,"16":0,"17":0,"18":0,"19":0,"20":0,"21":0,"22":0,"23":0,"24":0,"25":0,"26":0,"27":0,"28":0,"29":0,"30":0,"31":3,"32":3,"33":0,"34":0,"35":0,"36":0,"37":0,"38":0,"39":0,"40":0,"41":0,"42":0,"43":0,"44":0,"45":0,"46":0,"47":3,"48":2,"49":2,"50":2,"51":2,"52":2,"53":2,"54":2,"55":0},"b":{"1":[5,2],"2":[5,2],"3":[0,0],"4":[0,0],"5":[0,0],"6":[0,0],"7":[0,0],"8":[0,0],"9":[2,1]},"f":{"1":7,"2":7,"3":6,"4":1,"5":1,"6":1,"7":1,"8":0,"9":0,"10":0,"11":0,"12":0,"13":0,"14":0,"15":3,"16":0,"17":0,"18":3,"19":2,"20":2,"21":2,"22":0},"fnMap":{"1":{"name":"onlyLendingPool","line":49,"loc":{"start":{"line":49,"column":2},"end":{"line":52,"column":2}}},"2":{"name":"onlyLendingPoolAdmin","line":57,"loc":{"start":{"line":57,"column":2},"end":{"line":61,"column":2}}},"3":{"name":"constructor","line":71,"loc":{"start":{"line":63,"column":2},"end":{"line":77,"column":2}}},"4":{"name":"getRevision","line":79,"loc":{"start":{"line":79,"column":2},"end":{"line":81,"column":2}}},"5":{"name":"initialize","line":87,"loc":{"start":{"line":83,"column":2},"end":{"line":108,"column":2}}},"6":{"name":"burn","line":123,"loc":{"start":{"line":118,"column":2},"end":{"line":125,"column":2}}},"7":{"name":"mint","line":139,"loc":{"start":{"line":135,"column":2},"end":{"line":141,"column":2}}},"8":{"name":"mintToTreasury","line":149,"loc":{"start":{"line":149,"column":2},"end":{"line":162,"column":2}}},"9":{"name":"transferOnLiquidation","line":175,"loc":{"start":{"line":171,"column":2},"end":{"line":181,"column":2}}},"10":{"name":"balanceOf","line":188,"loc":{"start":{"line":188,"column":2},"end":{"line":195,"column":2}}},"11":{"name":"scaledBalanceOf","line":203,"loc":{"start":{"line":203,"column":2},"end":{"line":205,"column":2}}},"12":{"name":"getScaledUserBalanceAndSupply","line":213,"loc":{"start":{"line":213,"column":2},"end":{"line":220,"column":2}}},"13":{"name":"totalSupply","line":228,"loc":{"start":{"line":228,"column":2},"end":{"line":236,"column":2}}},"14":{"name":"scaledTotalSupply","line":242,"loc":{"start":{"line":242,"column":2},"end":{"line":244,"column":2}}},"15":{"name":"transferUnderlyingTo","line":256,"loc":{"start":{"line":253,"column":2},"end":{"line":261,"column":2}}},"16":{"name":"permit","line":274,"loc":{"start":{"line":274,"column":2},"end":{"line":298,"column":2}}},"17":{"name":"_transfer","line":308,"loc":{"start":{"line":308,"column":2},"end":{"line":333,"column":2}}},"18":{"name":"setVariableDebtToken","line":336,"loc":{"start":{"line":336,"column":2},"end":{"line":340,"column":2}}},"19":{"name":"getVariableDebtToken","line":343,"loc":{"start":{"line":343,"column":2},"end":{"line":345,"column":2}}},"20":{"name":"setTreasury","line":348,"loc":{"start":{"line":348,"column":2},"end":{"line":352,"column":2}}},"21":{"name":"getTreasury","line":355,"loc":{"start":{"line":355,"column":2},"end":{"line":357,"column":2}}},"22":{"name":"_transfer","line":365,"loc":{"start":{"line":365,"column":2},"end":{"line":371,"column":2}}}},"statementMap":{"1":{"start":{"line":50,"column":4},"end":{"line":50,"column":80}},"2":{"start":{"line":58,"column":4},"end":{"line":58,"column":103}},"3":{"start":{"line":59,"column":4},"end":{"line":59,"column":88}},"4":{"start":{"line":72,"column":4},"end":{"line":72,"column":14}},"5":{"start":{"line":73,"column":4},"end":{"line":73,"column":52}},"6":{"start":{"line":74,"column":4},"end":{"line":74,"column":52}},"7":{"start":{"line":76,"column":4},"end":{"line":76,"column":41}},"8":{"start":{"line":80,"column":4},"end":{"line":80,"column":26}},"9":{"start":{"line":88,"column":4},"end":{"line":88,"column":19}},"10":{"start":{"line":95,"column":4},"end":{"line":95,"column":3609}},"11":{"start":{"line":105,"column":4},"end":{"line":105,"column":22}},"12":{"start":{"line":106,"column":4},"end":{"line":106,"column":26}},"13":{"start":{"line":107,"column":4},"end":{"line":107,"column":40}},"14":{"start":{"line":124,"column":4},"end":{"line":124,"column":32}},"15":{"start":{"line":140,"column":4},"end":{"line":140,"column":32}},"16":{"start":{"line":150,"column":4},"end":{"line":150,"column":5404}},"17":{"start":{"line":151,"column":6},"end":{"line":151,"column":12}},"18":{"start":{"line":158,"column":4},"end":{"line":158,"column":56}},"19":{"start":{"line":160,"column":4},"end":{"line":160,"column":63}},"20":{"start":{"line":161,"column":4},"end":{"line":161,"column":54}},"21":{"start":{"line":178,"column":4},"end":{"line":178,"column":36}},"22":{"start":{"line":180,"column":4},"end":{"line":180,"column":34}},"23":{"start":{"line":194,"column":4},"end":{"line":194,"column":98}},"24":{"start":{"line":204,"column":4},"end":{"line":204,"column":32}},"25":{"start":{"line":219,"column":4},"end":{"line":219,"column":55}},"26":{"start":{"line":229,"column":4},"end":{"line":229,"column":53}},"27":{"start":{"line":231,"column":4},"end":{"line":231,"column":8250}},"28":{"start":{"line":232,"column":6},"end":{"line":232,"column":14}},"29":{"start":{"line":235,"column":4},"end":{"line":235,"column":96}},"30":{"start":{"line":243,"column":4},"end":{"line":243,"column":30}},"31":{"start":{"line":259,"column":4},"end":{"line":259,"column":60}},"32":{"start":{"line":260,"column":4},"end":{"line":260,"column":17}},"33":{"start":{"line":283,"column":4},"end":{"line":283,"column":48}},"34":{"start":{"line":285,"column":4},"end":{"line":285,"column":61}},"35":{"start":{"line":286,"column":4},"end":{"line":286,"column":46}},"36":{"start":{"line":287,"column":4},"end":{"line":287,"column":9947}},"37":{"start":{"line":295,"column":4},"end":{"line":295,"column":68}},"38":{"start":{"line":296,"column":4},"end":{"line":296,"column":44}},"39":{"start":{"line":297,"column":4},"end":{"line":297,"column":34}},"40":{"start":{"line":314,"column":4},"end":{"line":314,"column":77}},"41":{"start":{"line":316,"column":4},"end":{"line":316,"column":67}},"42":{"start":{"line":317,"column":4},"end":{"line":317,"column":63}},"43":{"start":{"line":319,"column":4},"end":{"line":319,"column":50}},"44":{"start":{"line":321,"column":4},"end":{"line":321,"column":11055}},"45":{"start":{"line":322,"column":6},"end":{"line":322,"column":11079}},"46":{"start":{"line":332,"column":4},"end":{"line":332,"column":49}},"47":{"start":{"line":337,"column":4},"end":{"line":337,"column":93}},"48":{"start":{"line":338,"column":4},"end":{"line":338,"column":77}},"49":{"start":{"line":339,"column":4},"end":{"line":339,"column":55}},"50":{"start":{"line":344,"column":4},"end":{"line":344,"column":43}},"51":{"start":{"line":349,"column":4},"end":{"line":349,"column":45}},"52":{"start":{"line":350,"column":4},"end":{"line":350,"column":31}},"53":{"start":{"line":351,"column":4},"end":{"line":351,"column":55}},"54":{"start":{"line":356,"column":4},"end":{"line":356,"column":25}},"55":{"start":{"line":370,"column":4},"end":{"line":370,"column":36}}},"branchMap":{"1":{"line":50,"type":"if","locations":[{"start":{"line":50,"column":4},"end":{"line":50,"column":4}},{"start":{"line":50,"column":4},"end":{"line":50,"column":4}}]},"2":{"line":59,"type":"if","locations":[{"start":{"line":59,"column":4},"end":{"line":59,"column":4}},{"start":{"line":59,"column":4},"end":{"line":59,"column":4}}]},"3":{"line":150,"type":"if","locations":[{"start":{"line":150,"column":4},"end":{"line":150,"column":4}},{"start":{"line":150,"column":4},"end":{"line":150,"column":4}}]},"4":{"line":231,"type":"if","locations":[{"start":{"line":231,"column":4},"end":{"line":231,"column":4}},{"start":{"line":231,"column":4},"end":{"line":231,"column":4}}]},"5":{"line":283,"type":"if","locations":[{"start":{"line":283,"column":4},"end":{"line":283,"column":4}},{"start":{"line":283,"column":4},"end":{"line":283,"column":4}}]},"6":{"line":285,"type":"if","locations":[{"start":{"line":285,"column":4},"end":{"line":285,"column":4}},{"start":{"line":285,"column":4},"end":{"line":285,"column":4}}]},"7":{"line":295,"type":"if","locations":[{"start":{"line":295,"column":4},"end":{"line":295,"column":4}},{"start":{"line":295,"column":4},"end":{"line":295,"column":4}}]},"8":{"line":321,"type":"if","locations":[{"start":{"line":321,"column":4},"end":{"line":321,"column":4}},{"start":{"line":321,"column":4},"end":{"line":321,"column":4}}]},"9":{"line":337,"type":"if","locations":[{"start":{"line":337,"column":4},"end":{"line":337,"column":4}},{"start":{"line":337,"column":4},"end":{"line":337,"column":4}}]}}},"src/contracts/antei/aave/tokens/AnteiVariableDebtToken.sol":{"l":{"31":4,"34":4,"35":3,"46":6,"54":1,"62":6,"64":6,"65":0,"68":6,"87":3,"88":0,"91":3,"92":3,"94":3,"95":3,"99":3,"100":3,"102":3,"104":3,"105":3,"106":3,"121":0,"122":0,"124":0,"126":0,"127":0,"135":3,"143":0,"152":6,"167":0,"172":3,"173":2,"174":2,"179":2},"path":"/Users/stevenvaleri/Desktop/projects/aave/antei-poc-v3/src/contracts/antei/aave/tokens/AnteiVariableDebtToken.sol","s":{"1":4,"2":4,"3":6,"4":1,"5":6,"6":6,"7":0,"8":6,"9":3,"10":0,"11":3,"12":3,"13":3,"14":3,"15":3,"16":3,"17":3,"18":3,"19":3,"20":3,"21":0,"22":0,"23":0,"24":0,"25":0,"26":3,"27":0,"28":6,"29":0,"30":3,"31":2,"32":2,"33":2},"b":{"1":[3,1],"2":[0,6],"3":[0,3],"4":[3,0],"5":[0,0],"6":[2,1]},"f":{"1":4,"2":6,"3":1,"4":6,"5":3,"6":0,"7":3,"8":0,"9":6,"10":0,"11":3,"12":2},"fnMap":{"1":{"name":"onlyLendingPoolAdmin","line":30,"loc":{"start":{"line":30,"column":2},"end":{"line":36,"column":2}}},"2":{"name":"constructor","line":45,"loc":{"start":{"line":38,"column":2},"end":{"line":47,"column":2}}},"3":{"name":"getRevision","line":53,"loc":{"start":{"line":53,"column":2},"end":{"line":55,"column":2}}},"4":{"name":"balanceOf","line":61,"loc":{"start":{"line":61,"column":2},"end":{"line":69,"column":2}}},"5":{"name":"mint","line":86,"loc":{"start":{"line":81,"column":2},"end":{"line":107,"column":2}}},"6":{"name":"burn","line":120,"loc":{"start":{"line":116,"column":2},"end":{"line":128,"column":2}}},"7":{"name":"scaledBalanceOf","line":134,"loc":{"start":{"line":134,"column":2},"end":{"line":136,"column":2}}},"8":{"name":"totalSupply","line":142,"loc":{"start":{"line":142,"column":2},"end":{"line":145,"column":2}}},"9":{"name":"scaledTotalSupply","line":151,"loc":{"start":{"line":151,"column":2},"end":{"line":153,"column":2}}},"10":{"name":"getScaledUserBalanceAndSupply","line":161,"loc":{"start":{"line":161,"column":2},"end":{"line":168,"column":2}}},"11":{"name":"setAToken","line":171,"loc":{"start":{"line":171,"column":2},"end":{"line":175,"column":2}}},"12":{"name":"getAToken","line":178,"loc":{"start":{"line":178,"column":2},"end":{"line":180,"column":2}}}},"statementMap":{"1":{"start":{"line":31,"column":4},"end":{"line":31,"column":1144}},"2":{"start":{"line":34,"column":4},"end":{"line":34,"column":88}},"3":{"start":{"line":46,"column":4},"end":{"line":46,"column":41}},"4":{"start":{"line":54,"column":4},"end":{"line":54,"column":30}},"5":{"start":{"line":62,"column":4},"end":{"line":62,"column":49}},"6":{"start":{"line":64,"column":4},"end":{"line":64,"column":2178}},"7":{"start":{"line":65,"column":6},"end":{"line":65,"column":14}},"8":{"start":{"line":68,"column":4},"end":{"line":68,"column":96}},"9":{"start":{"line":87,"column":4},"end":{"line":87,"column":2980}},"10":{"start":{"line":88,"column":6},"end":{"line":88,"column":55}},"11":{"start":{"line":91,"column":4},"end":{"line":91,"column":47}},"12":{"start":{"line":92,"column":4},"end":{"line":92,"column":60}},"13":{"start":{"line":94,"column":4},"end":{"line":94,"column":57}},"14":{"start":{"line":95,"column":4},"end":{"line":95,"column":3248}},"15":{"start":{"line":99,"column":4},"end":{"line":99,"column":37}},"16":{"start":{"line":100,"column":4},"end":{"line":100,"column":89}},"17":{"start":{"line":102,"column":4},"end":{"line":102,"column":34}},"18":{"start":{"line":104,"column":4},"end":{"line":104,"column":49}},"19":{"start":{"line":105,"column":4},"end":{"line":105,"column":46}},"20":{"start":{"line":106,"column":4},"end":{"line":106,"column":31}},"21":{"start":{"line":121,"column":4},"end":{"line":121,"column":47}},"22":{"start":{"line":122,"column":4},"end":{"line":122,"column":60}},"23":{"start":{"line":124,"column":4},"end":{"line":124,"column":28}},"24":{"start":{"line":126,"column":4},"end":{"line":126,"column":43}},"25":{"start":{"line":127,"column":4},"end":{"line":127,"column":34}},"26":{"start":{"line":135,"column":4},"end":{"line":135,"column":32}},"27":{"start":{"line":143,"column":4},"end":{"line":143,"column":4872}},"28":{"start":{"line":152,"column":4},"end":{"line":152,"column":30}},"29":{"start":{"line":167,"column":4},"end":{"line":167,"column":55}},"30":{"start":{"line":172,"column":4},"end":{"line":172,"column":60}},"31":{"start":{"line":173,"column":4},"end":{"line":173,"column":29}},"32":{"start":{"line":174,"column":4},"end":{"line":174,"column":31}},"33":{"start":{"line":179,"column":4},"end":{"line":179,"column":23}}},"branchMap":{"1":{"line":34,"type":"if","locations":[{"start":{"line":34,"column":4},"end":{"line":34,"column":4}},{"start":{"line":34,"column":4},"end":{"line":34,"column":4}}]},"2":{"line":64,"type":"if","locations":[{"start":{"line":64,"column":4},"end":{"line":64,"column":4}},{"start":{"line":64,"column":4},"end":{"line":64,"column":4}}]},"3":{"line":87,"type":"if","locations":[{"start":{"line":87,"column":4},"end":{"line":87,"column":4}},{"start":{"line":87,"column":4},"end":{"line":87,"column":4}}]},"4":{"line":92,"type":"if","locations":[{"start":{"line":92,"column":4},"end":{"line":92,"column":4}},{"start":{"line":92,"column":4},"end":{"line":92,"column":4}}]},"5":{"line":122,"type":"if","locations":[{"start":{"line":122,"column":4},"end":{"line":122,"column":4}},{"start":{"line":122,"column":4},"end":{"line":122,"column":4}}]},"6":{"line":172,"type":"if","locations":[{"start":{"line":172,"column":4},"end":{"line":172,"column":4}},{"start":{"line":172,"column":4},"end":{"line":172,"column":4}}]}}},"src/contracts/antei/aave/tokens/base/AnteiDebtTokenBase.sol":{"l":{"35":3,"36":3,"50":6,"51":6,"65":1,"66":1,"67":1,"78":0,"79":0,"94":0,"102":0,"103":0,"104":0,"114":0,"115":0,"116":0,"120":0,"121":0,"122":0,"130":0,"131":0,"132":0,"133":0,"142":0,"143":0,"144":0,"153":0,"154":0,"155":0,"163":0,"166":0,"168":0},"path":"/Users/stevenvaleri/Desktop/projects/aave/antei-poc-v3/src/contracts/antei/aave/tokens/base/AnteiDebtTokenBase.sol","s":{"1":3,"2":6,"3":6,"4":1,"5":1,"6":1,"7":0,"8":0,"9":0,"10":0,"11":0,"12":0,"13":0,"14":0,"15":0,"16":0,"17":0,"18":0},"b":{"1":[3,0]},"f":{"1":3,"2":6,"3":1,"4":0,"5":0,"6":0,"7":0,"8":0,"9":0,"10":0,"11":0,"12":0},"fnMap":{"1":{"name":"onlyLendingPool","line":34,"loc":{"start":{"line":34,"column":2},"end":{"line":37,"column":2}}},"2":{"name":"constructor","line":49,"loc":{"start":{"line":43,"column":2},"end":{"line":52,"column":2}}},"3":{"name":"initialize","line":64,"loc":{"start":{"line":60,"column":2},"end":{"line":68,"column":2}}},"4":{"name":"approveDelegation","line":77,"loc":{"start":{"line":77,"column":2},"end":{"line":80,"column":2}}},"5":{"name":"borrowAllowance","line":88,"loc":{"start":{"line":88,"column":2},"end":{"line":95,"column":2}}},"6":{"name":"transfer","line":101,"loc":{"start":{"line":101,"column":2},"end":{"line":105,"column":2}}},"7":{"name":"allowance","line":107,"loc":{"start":{"line":107,"column":2},"end":{"line":117,"column":2}}},"8":{"name":"approve","line":119,"loc":{"start":{"line":119,"column":2},"end":{"line":123,"column":2}}},"9":{"name":"transferFrom","line":125,"loc":{"start":{"line":125,"column":2},"end":{"line":134,"column":2}}},"10":{"name":"increaseAllowance","line":136,"loc":{"start":{"line":136,"column":2},"end":{"line":145,"column":2}}},"11":{"name":"decreaseAllowance","line":147,"loc":{"start":{"line":147,"column":2},"end":{"line":156,"column":2}}},"12":{"name":"_decreaseBorrowAllowance","line":158,"loc":{"start":{"line":158,"column":2},"end":{"line":169,"column":2}}}},"statementMap":{"1":{"start":{"line":35,"column":4},"end":{"line":35,"column":80}},"2":{"start":{"line":50,"column":4},"end":{"line":50,"column":28}},"3":{"start":{"line":51,"column":4},"end":{"line":51,"column":52}},"4":{"start":{"line":65,"column":4},"end":{"line":65,"column":17}},"5":{"start":{"line":66,"column":4},"end":{"line":66,"column":21}},"6":{"start":{"line":67,"column":4},"end":{"line":67,"column":25}},"7":{"start":{"line":78,"column":4},"end":{"line":78,"column":54}},"8":{"start":{"line":79,"column":4},"end":{"line":79,"column":92}},"9":{"start":{"line":94,"column":4},"end":{"line":94,"column":46}},"10":{"start":{"line":104,"column":4},"end":{"line":104,"column":35}},"11":{"start":{"line":116,"column":4},"end":{"line":116,"column":36}},"12":{"start":{"line":122,"column":4},"end":{"line":122,"column":35}},"13":{"start":{"line":133,"column":4},"end":{"line":133,"column":35}},"14":{"start":{"line":144,"column":4},"end":{"line":144,"column":36}},"15":{"start":{"line":155,"column":4},"end":{"line":155,"column":36}},"16":{"start":{"line":163,"column":4},"end":{"line":163,"column":4591}},"17":{"start":{"line":166,"column":4},"end":{"line":166,"column":57}},"18":{"start":{"line":168,"column":4},"end":{"line":168,"column":95}}},"branchMap":{"1":{"line":35,"type":"if","locations":[{"start":{"line":35,"column":4},"end":{"line":35,"column":4}},{"start":{"line":35,"column":4},"end":{"line":35,"column":4}}]}}},"src/contracts/antei/aave/tokens/base/AnteiIncentivizedERC20.sol":{"l":{"37":6,"38":6,"39":6,"40":6,"47":1,"54":1,"61":0,"68":6,"75":12,"85":0,"86":0,"87":0,"103":0,"112":0,"113":0,"128":0,"129":0,"134":0,"135":0,"145":0,"146":0,"160":0,"168":0,"176":0,"177":0,"179":0,"181":0,"182":0,"183":0,"184":0,"186":0,"187":0,"188":0,"189":0,"190":0,"196":3,"198":3,"200":3,"201":3,"203":3,"204":3,"206":3,"207":3,"212":0,"214":0,"216":0,"217":0,"219":0,"220":0,"222":0,"223":0,"232":0,"233":0,"235":0,"236":0,"240":1,"244":1,"248":1},"path":"/Users/stevenvaleri/Desktop/projects/aave/antei-poc-v3/src/contracts/antei/aave/tokens/base/AnteiIncentivizedERC20.sol","s":{"1":6,"2":6,"3":6,"4":6,"5":1,"6":1,"7":0,"8":6,"9":12,"10":0,"11":0,"12":0,"13":0,"14":0,"15":0,"16":0,"17":0,"18":0,"19":0,"20":0,"21":0,"22":0,"23":0,"24":0,"25":0,"26":0,"27":0,"28":0,"29":0,"30":0,"31":0,"32":0,"33":0,"34":0,"35":0,"36":3,"37":3,"38":3,"39":3,"40":3,"41":3,"42":3,"43":3,"44":0,"45":0,"46":0,"47":0,"48":0,"49":0,"50":0,"51":0,"52":0,"53":0,"54":0,"55":0,"56":1,"57":1,"58":1},"b":{"1":[0,0],"2":[0,0],"3":[0,0],"4":[0,0],"5":[3,0],"6":[3,0],"7":[0,0],"8":[0,0],"9":[0,0],"10":[0,0]},"f":{"1":6,"2":1,"3":1,"4":0,"5":6,"6":12,"7":0,"8":0,"9":0,"10":0,"11":0,"12":0,"13":0,"14":3,"15":0,"16":0,"17":1,"18":1,"19":1,"20":3},"fnMap":{"1":{"name":"constructor","line":31,"loc":{"start":{"line":31,"column":2},"end":{"line":41,"column":2}}},"2":{"name":"name","line":46,"loc":{"start":{"line":46,"column":2},"end":{"line":48,"column":2}}},"3":{"name":"symbol","line":53,"loc":{"start":{"line":53,"column":2},"end":{"line":55,"column":2}}},"4":{"name":"decimals","line":60,"loc":{"start":{"line":60,"column":2},"end":{"line":62,"column":2}}},"5":{"name":"totalSupply","line":67,"loc":{"start":{"line":67,"column":2},"end":{"line":69,"column":2}}},"6":{"name":"balanceOf","line":74,"loc":{"start":{"line":74,"column":2},"end":{"line":76,"column":2}}},"7":{"name":"transfer","line":84,"loc":{"start":{"line":84,"column":2},"end":{"line":88,"column":2}}},"8":{"name":"allowance","line":96,"loc":{"start":{"line":96,"column":2},"end":{"line":104,"column":2}}},"9":{"name":"approve","line":111,"loc":{"start":{"line":111,"column":2},"end":{"line":114,"column":2}}},"10":{"name":"transferFrom","line":123,"loc":{"start":{"line":123,"column":2},"end":{"line":136,"column":2}}},"11":{"name":"increaseAllowance","line":144,"loc":{"start":{"line":144,"column":2},"end":{"line":147,"column":2}}},"12":{"name":"decreaseAllowance","line":155,"loc":{"start":{"line":155,"column":2},"end":{"line":169,"column":2}}},"13":{"name":"_transfer","line":171,"loc":{"start":{"line":171,"column":2},"end":{"line":193,"column":2}}},"14":{"name":"_mint","line":195,"loc":{"start":{"line":195,"column":2},"end":{"line":209,"column":2}}},"15":{"name":"_burn","line":211,"loc":{"start":{"line":211,"column":2},"end":{"line":225,"column":2}}},"16":{"name":"_approve","line":227,"loc":{"start":{"line":227,"column":2},"end":{"line":237,"column":2}}},"17":{"name":"_setName","line":239,"loc":{"start":{"line":239,"column":2},"end":{"line":241,"column":2}}},"18":{"name":"_setSymbol","line":243,"loc":{"start":{"line":243,"column":2},"end":{"line":245,"column":2}}},"19":{"name":"_setDecimals","line":247,"loc":{"start":{"line":247,"column":2},"end":{"line":249,"column":2}}},"20":{"name":"_beforeTokenTransfer","line":251,"loc":{"start":{"line":251,"column":2},"end":{"line":255,"column":22}}}},"statementMap":{"1":{"start":{"line":37,"column":4},"end":{"line":37,"column":15}},"2":{"start":{"line":38,"column":4},"end":{"line":38,"column":19}},"3":{"start":{"line":39,"column":4},"end":{"line":39,"column":23}},"4":{"start":{"line":40,"column":4},"end":{"line":40,"column":74}},"5":{"start":{"line":47,"column":4},"end":{"line":47,"column":16}},"6":{"start":{"line":54,"column":4},"end":{"line":54,"column":18}},"7":{"start":{"line":61,"column":4},"end":{"line":61,"column":20}},"8":{"start":{"line":68,"column":4},"end":{"line":68,"column":23}},"9":{"start":{"line":75,"column":4},"end":{"line":75,"column":29}},"10":{"start":{"line":85,"column":4},"end":{"line":85,"column":45}},"11":{"start":{"line":86,"column":4},"end":{"line":86,"column":50}},"12":{"start":{"line":87,"column":4},"end":{"line":87,"column":15}},"13":{"start":{"line":103,"column":4},"end":{"line":103,"column":38}},"14":{"start":{"line":112,"column":4},"end":{"line":112,"column":42}},"15":{"start":{"line":113,"column":4},"end":{"line":113,"column":15}},"16":{"start":{"line":128,"column":4},"end":{"line":128,"column":39}},"17":{"start":{"line":129,"column":4},"end":{"line":129,"column":3978}},"18":{"start":{"line":134,"column":4},"end":{"line":134,"column":44}},"19":{"start":{"line":135,"column":4},"end":{"line":135,"column":15}},"20":{"start":{"line":145,"column":4},"end":{"line":145,"column":86}},"21":{"start":{"line":146,"column":4},"end":{"line":146,"column":15}},"22":{"start":{"line":160,"column":4},"end":{"line":160,"column":5017}},"23":{"start":{"line":168,"column":4},"end":{"line":168,"column":15}},"24":{"start":{"line":176,"column":4},"end":{"line":176,"column":73}},"25":{"start":{"line":177,"column":4},"end":{"line":177,"column":74}},"26":{"start":{"line":179,"column":4},"end":{"line":179,"column":50}},"27":{"start":{"line":181,"column":4},"end":{"line":181,"column":48}},"28":{"start":{"line":182,"column":4},"end":{"line":182,"column":93}},"29":{"start":{"line":183,"column":4},"end":{"line":183,"column":54}},"30":{"start":{"line":184,"column":4},"end":{"line":184,"column":58}},"31":{"start":{"line":186,"column":4},"end":{"line":186,"column":5801}},"32":{"start":{"line":187,"column":6},"end":{"line":187,"column":47}},"33":{"start":{"line":188,"column":6},"end":{"line":188,"column":85}},"34":{"start":{"line":189,"column":6},"end":{"line":189,"column":5998}},"35":{"start":{"line":190,"column":8},"end":{"line":190,"column":93}},"36":{"start":{"line":196,"column":4},"end":{"line":196,"column":68}},"37":{"start":{"line":198,"column":4},"end":{"line":198,"column":52}},"38":{"start":{"line":200,"column":4},"end":{"line":200,"column":41}},"39":{"start":{"line":201,"column":4},"end":{"line":201,"column":44}},"40":{"start":{"line":203,"column":4},"end":{"line":203,"column":50}},"41":{"start":{"line":204,"column":4},"end":{"line":204,"column":53}},"42":{"start":{"line":206,"column":4},"end":{"line":206,"column":6539}},"43":{"start":{"line":207,"column":6},"end":{"line":207,"column":83}},"44":{"start":{"line":212,"column":4},"end":{"line":212,"column":70}},"45":{"start":{"line":214,"column":4},"end":{"line":214,"column":52}},"46":{"start":{"line":216,"column":4},"end":{"line":216,"column":41}},"47":{"start":{"line":217,"column":4},"end":{"line":217,"column":44}},"48":{"start":{"line":219,"column":4},"end":{"line":219,"column":50}},"49":{"start":{"line":220,"column":4},"end":{"line":220,"column":91}},"50":{"start":{"line":222,"column":4},"end":{"line":222,"column":7129}},"51":{"start":{"line":223,"column":6},"end":{"line":223,"column":83}},"52":{"start":{"line":232,"column":4},"end":{"line":232,"column":71}},"53":{"start":{"line":233,"column":4},"end":{"line":233,"column":71}},"54":{"start":{"line":235,"column":4},"end":{"line":235,"column":39}},"55":{"start":{"line":236,"column":4},"end":{"line":236,"column":41}},"56":{"start":{"line":240,"column":4},"end":{"line":240,"column":18}},"57":{"start":{"line":244,"column":4},"end":{"line":244,"column":22}},"58":{"start":{"line":248,"column":4},"end":{"line":248,"column":26}}},"branchMap":{"1":{"line":176,"type":"if","locations":[{"start":{"line":176,"column":4},"end":{"line":176,"column":4}},{"start":{"line":176,"column":4},"end":{"line":176,"column":4}}]},"2":{"line":177,"type":"if","locations":[{"start":{"line":177,"column":4},"end":{"line":177,"column":4}},{"start":{"line":177,"column":4},"end":{"line":177,"column":4}}]},"3":{"line":186,"type":"if","locations":[{"start":{"line":186,"column":4},"end":{"line":186,"column":4}},{"start":{"line":186,"column":4},"end":{"line":186,"column":4}}]},"4":{"line":189,"type":"if","locations":[{"start":{"line":189,"column":6},"end":{"line":189,"column":6}},{"start":{"line":189,"column":6},"end":{"line":189,"column":6}}]},"5":{"line":196,"type":"if","locations":[{"start":{"line":196,"column":4},"end":{"line":196,"column":4}},{"start":{"line":196,"column":4},"end":{"line":196,"column":4}}]},"6":{"line":206,"type":"if","locations":[{"start":{"line":206,"column":4},"end":{"line":206,"column":4}},{"start":{"line":206,"column":4},"end":{"line":206,"column":4}}]},"7":{"line":212,"type":"if","locations":[{"start":{"line":212,"column":4},"end":{"line":212,"column":4}},{"start":{"line":212,"column":4},"end":{"line":212,"column":4}}]},"8":{"line":222,"type":"if","locations":[{"start":{"line":222,"column":4},"end":{"line":222,"column":4}},{"start":{"line":222,"column":4},"end":{"line":222,"column":4}}]},"9":{"line":232,"type":"if","locations":[{"start":{"line":232,"column":4},"end":{"line":232,"column":4}},{"start":{"line":232,"column":4},"end":{"line":232,"column":4}}]},"10":{"line":233,"type":"if","locations":[{"start":{"line":233,"column":4},"end":{"line":233,"column":4}},{"start":{"line":233,"column":4},"end":{"line":233,"column":4}}]}}},"src/contracts/antei/aave/tokens/interfaces/IAnteiAToken.sol":{"l":{},"path":"/Users/stevenvaleri/Desktop/projects/aave/antei-poc-v3/src/contracts/antei/aave/tokens/interfaces/IAnteiAToken.sol","s":{},"b":{},"f":{},"fnMap":{},"statementMap":{},"branchMap":{}},"src/contracts/antei/aave/tokens/interfaces/IAnteiVariableDebtToken.sol":{"l":{},"path":"/Users/stevenvaleri/Desktop/projects/aave/antei-poc-v3/src/contracts/antei/aave/tokens/interfaces/IAnteiVariableDebtToken.sol","s":{},"b":{},"f":{},"fnMap":{},"statementMap":{},"branchMap":{}},"src/contracts/antei/AnteiStableDollarEntities.sol":{"l":{"22":2,"23":1,"33":12,"37":6,"41":3,"42":4,"47":2,"48":1,"52":1,"56":7,"60":6,"64":18,"65":17,"66":30,"71":30,"72":29,"74":29,"75":29,"76":28,"79":29,"83":4,"84":3,"86":3,"88":3,"96":29,"97":29,"105":3,"107":3,"110":3,"111":3,"112":2,"113":2,"114":2,"116":3},"path":"/Users/stevenvaleri/Desktop/projects/aave/antei-poc-v3/src/contracts/antei/AnteiStableDollarEntities.sol","s":{"1":2,"2":12,"3":6,"4":3,"5":4,"6":2,"7":1,"8":1,"9":7,"10":6,"11":18,"12":17,"13":30,"14":30,"15":29,"16":29,"17":29,"18":28,"19":29,"20":4,"21":3,"22":3,"23":3,"24":29,"25":29,"26":3,"27":3,"28":3,"29":3,"30":2,"31":2,"32":2,"33":3},"b":{"1":[1,1],"2":[1,1],"3":[17,1],"4":[29,1],"5":[28,1],"6":[3,1],"7":[2,1]},"f":{"1":2,"2":12,"3":6,"4":3,"5":2,"6":1,"7":7,"8":6,"9":18,"10":30,"11":4,"12":29,"13":3},"fnMap":{"1":{"name":"onlyEntity","line":21,"loc":{"start":{"line":21,"column":2},"end":{"line":24,"column":2}}},"2":{"name":"constructor","line":32,"loc":{"start":{"line":26,"column":2},"end":{"line":34,"column":2}}},"3":{"name":"addEntities","line":36,"loc":{"start":{"line":36,"column":2},"end":{"line":38,"column":2}}},"4":{"name":"removeEntities","line":40,"loc":{"start":{"line":40,"column":2},"end":{"line":44,"column":2}}},"5":{"name":"mint","line":46,"loc":{"start":{"line":46,"column":2},"end":{"line":49,"column":2}}},"6":{"name":"burn","line":51,"loc":{"start":{"line":51,"column":2},"end":{"line":53,"column":2}}},"7":{"name":"isEntity","line":55,"loc":{"start":{"line":55,"column":2},"end":{"line":57,"column":2}}},"8":{"name":"getEntityList","line":59,"loc":{"start":{"line":59,"column":2},"end":{"line":61,"column":2}}},"9":{"name":"_addEntities","line":63,"loc":{"start":{"line":63,"column":2},"end":{"line":68,"column":2}}},"10":{"name":"_addEntity","line":70,"loc":{"start":{"line":70,"column":2},"end":{"line":80,"column":2}}},"11":{"name":"_removeEntity","line":82,"loc":{"start":{"line":82,"column":2},"end":{"line":89,"column":2}}},"12":{"name":"_addToEntityList","line":95,"loc":{"start":{"line":95,"column":2},"end":{"line":98,"column":2}}},"13":{"name":"_removeFromEntityList","line":104,"loc":{"start":{"line":104,"column":2},"end":{"line":117,"column":2}}}},"statementMap":{"1":{"start":{"line":22,"column":4},"end":{"line":22,"column":60}},"2":{"start":{"line":33,"column":4},"end":{"line":33,"column":34}},"3":{"start":{"line":37,"column":4},"end":{"line":37,"column":34}},"4":{"start":{"line":41,"column":4},"end":{"line":41,"column":1280}},"5":{"start":{"line":42,"column":6},"end":{"line":42,"column":31}},"6":{"start":{"line":47,"column":4},"end":{"line":47,"column":54}},"7":{"start":{"line":48,"column":4},"end":{"line":48,"column":24}},"8":{"start":{"line":52,"column":4},"end":{"line":52,"column":28}},"9":{"start":{"line":56,"column":4},"end":{"line":56,"column":28}},"10":{"start":{"line":60,"column":4},"end":{"line":60,"column":22}},"11":{"start":{"line":64,"column":4},"end":{"line":64,"column":95}},"12":{"start":{"line":65,"column":4},"end":{"line":65,"column":2026}},"13":{"start":{"line":66,"column":6},"end":{"line":66,"column":40}},"14":{"start":{"line":71,"column":4},"end":{"line":71,"column":54}},"15":{"start":{"line":72,"column":4},"end":{"line":72,"column":27}},"16":{"start":{"line":74,"column":4},"end":{"line":74,"column":27}},"17":{"start":{"line":75,"column":4},"end":{"line":75,"column":2315}},"18":{"start":{"line":76,"column":6},"end":{"line":76,"column":26}},"19":{"start":{"line":79,"column":4},"end":{"line":79,"column":28}},"20":{"start":{"line":83,"column":4},"end":{"line":83,"column":54}},"21":{"start":{"line":84,"column":4},"end":{"line":84,"column":28}},"22":{"start":{"line":86,"column":4},"end":{"line":86,"column":32}},"23":{"start":{"line":88,"column":4},"end":{"line":88,"column":30}},"24":{"start":{"line":96,"column":4},"end":{"line":96,"column":46}},"25":{"start":{"line":97,"column":4},"end":{"line":97,"column":27}},"26":{"start":{"line":105,"column":4},"end":{"line":105,"column":42}},"27":{"start":{"line":107,"column":4},"end":{"line":107,"column":29}},"28":{"start":{"line":110,"column":4},"end":{"line":110,"column":46}},"29":{"start":{"line":111,"column":4},"end":{"line":111,"column":3278}},"30":{"start":{"line":112,"column":6},"end":{"line":112,"column":49}},"31":{"start":{"line":113,"column":6},"end":{"line":113,"column":36}},"32":{"start":{"line":114,"column":6},"end":{"line":114,"column":39}},"33":{"start":{"line":116,"column":4},"end":{"line":116,"column":20}}},"branchMap":{"1":{"line":22,"type":"if","locations":[{"start":{"line":22,"column":4},"end":{"line":22,"column":4}},{"start":{"line":22,"column":4},"end":{"line":22,"column":4}}]},"2":{"line":47,"type":"if","locations":[{"start":{"line":47,"column":4},"end":{"line":47,"column":4}},{"start":{"line":47,"column":4},"end":{"line":47,"column":4}}]},"3":{"line":64,"type":"if","locations":[{"start":{"line":64,"column":4},"end":{"line":64,"column":4}},{"start":{"line":64,"column":4},"end":{"line":64,"column":4}}]},"4":{"line":71,"type":"if","locations":[{"start":{"line":71,"column":4},"end":{"line":71,"column":4}},{"start":{"line":71,"column":4},"end":{"line":71,"column":4}}]},"5":{"line":75,"type":"if","locations":[{"start":{"line":75,"column":4},"end":{"line":75,"column":4}},{"start":{"line":75,"column":4},"end":{"line":75,"column":4}}]},"6":{"line":83,"type":"if","locations":[{"start":{"line":83,"column":4},"end":{"line":83,"column":4}},{"start":{"line":83,"column":4},"end":{"line":83,"column":4}}]},"7":{"line":111,"type":"if","locations":[{"start":{"line":111,"column":4},"end":{"line":111,"column":4}},{"start":{"line":111,"column":4},"end":{"line":111,"column":4}}]}}},"src/contracts/antei/interfaces/IBurnableERC20.sol":{"l":{},"path":"/Users/stevenvaleri/Desktop/projects/aave/antei-poc-v3/src/contracts/antei/interfaces/IBurnableERC20.sol","s":{},"b":{},"f":{},"fnMap":{},"statementMap":{},"branchMap":{}},"src/contracts/antei/interfaces/IMintableERC20.sol":{"l":{},"path":"/Users/stevenvaleri/Desktop/projects/aave/antei-poc-v3/src/contracts/antei/interfaces/IMintableERC20.sol","s":{},"b":{},"f":{},"fnMap":{},"statementMap":{},"branchMap":{}}}